<?xml version="1.0" encoding="UTF-8"?>
<coverage generated="1547497534303" clover="3.2.0">
  <project timestamp="1547497534303" name="All files">
    <metrics statements="12" coveredstatements="12" conditionals="4" coveredconditionals="2" methods="7" coveredmethods="7" elements="23" coveredelements="21" complexity="0" loc="12" ncloc="12" packages="1" files="1" classes="1">
      <file name="RegistryRouter.ts" path="C:\Users\ckrew_r53th8g\Desktop\Projects\ParsedCRUD\src\Router\RegistryRouter.ts">
        <metrics statements="12" coveredstatements="12" conditionals="4" coveredconditionals="2" methods="7" coveredmethods="7"/>
        <line num="2" count="1" type="stmt"/>
        <line num="4" count="1" type="stmt"/>
        <line num="8" count="1" type="stmt"/>
        <line num="12" count="1" type="stmt"/>
        <line num="13" count="1" type="cond" truecount="1" falsecount="1"/>
        <line num="18" count="1" type="stmt"/>
        <line num="19" count="1" type="stmt"/>
        <line num="20" count="1" type="stmt"/>
        <line num="21" count="1" type="stmt"/>
        <line num="23" count="1" type="stmt"/>
        <line num="26" count="1" type="stmt"/>
        <line num="31" count="1" type="cond" truecount="1" falsecount="1"/>
      </file>
    </metrics>
  </project>
</coverage>
