{"C:\\Users\\ckrew_r53th8g\\Desktop\\Projects\\ParsedCRUD\\src\\Router\\RegistryRouter.ts": {"path":"C:\\Users\\ckrew_r53th8g\\Desktop\\Projects\\ParsedCRUD\\src\\Router\\RegistryRouter.ts","statementMap":{"0":{"start":{"line":2,"column":0},"end":{"line":2,"column":34}},"1":{"start":{"line":8,"column":8},"end":{"line":8,"column":39}},"2":{"start":{"line":12,"column":8},"end":{"line":14,"column":11}},"3":{"start":{"line":13,"column":12},"end":{"line":13,"column":59}},"4":{"start":{"line":13,"column":38},"end":{"line":13,"column":59}},"5":{"start":{"line":18,"column":8},"end":{"line":27,"column":11}},"6":{"start":{"line":19,"column":12},"end":{"line":25,"column":15}},"7":{"start":{"line":20,"column":16},"end":{"line":24,"column":17}},"8":{"start":{"line":21,"column":20},"end":{"line":21,"column":48}},"9":{"start":{"line":23,"column":20},"end":{"line":23,"column":52}},"10":{"start":{"line":26,"column":12},"end":{"line":26,"column":26}},"11":{"start":{"line":31,"column":8},"end":{"line":31,"column":51}},"12":{"start":{"line":31,"column":19},"end":{"line":31,"column":51}},"13":{"start":{"line":4,"column":0},"end":{"line":34,"column":1}}},"fnMap":{"0":{"name":"(anonymous_0)","decl":{"start":{"line":7,"column":4},"end":{"line":null,"column":-1}},"loc":{"start":{"line":7,"column":4},"end":{"line":9,"column":5}}},"1":{"name":"(anonymous_1)","decl":{"start":{"line":11,"column":11},"end":{"line":11,"column":19}},"loc":{"start":{"line":11,"column":20},"end":{"line":15,"column":5}}},"2":{"name":"(anonymous_2)","decl":{"start":{"line":12,"column":27},"end":{"line":12,"column":31}},"loc":{"start":{"line":12,"column":52},"end":{"line":14,"column":9}}},"3":{"name":"(anonymous_3)","decl":{"start":{"line":17,"column":12},"end":{"line":17,"column":19}},"loc":{"start":{"line":17,"column":20},"end":{"line":28,"column":5}}},"4":{"name":"(anonymous_4)","decl":{"start":{"line":18,"column":27},"end":{"line":18,"column":28}},"loc":{"start":{"line":18,"column":47},"end":{"line":27,"column":9}}},"5":{"name":"(anonymous_5)","decl":{"start":{"line":19,"column":40},"end":{"line":19,"column":41}},"loc":{"start":{"line":19,"column":116},"end":{"line":25,"column":13}}},"6":{"name":"(anonymous_6)","decl":{"start":{"line":30,"column":12},"end":{"line":30,"column":23}},"loc":{"start":{"line":30,"column":34},"end":{"line":32,"column":5}}}},"branchMap":{"0":{"loc":{"start":{"line":13,"column":12},"end":{"line":13,"column":59}},"type":"if","locations":[{"start":{"line":13,"column":12},"end":{"line":13,"column":59}},{"start":{"line":13,"column":12},"end":{"line":13,"column":59}}]},"1":{"loc":{"start":{"line":31,"column":8},"end":{"line":31,"column":51}},"type":"if","locations":[{"start":{"line":31,"column":8},"end":{"line":31,"column":51}},{"start":{"line":31,"column":8},"end":{"line":31,"column":51}}]}},"s":{"0":1,"1":1,"2":1,"3":1,"4":1,"5":1,"6":1,"7":1,"8":1,"9":1,"10":1,"11":1,"12":1,"13":1},"f":{"0":1,"1":1,"2":1,"3":1,"4":1,"5":1,"6":1},"b":{"0":[1,0],"1":[1,0]}}
}
