TN:
SF:C:\Users\ckrew_r53th8g\Desktop\Projects\ParsedCRUD\src\Router\RegistryRouter.ts
FN:7,(anonymous_0)
FN:11,(anonymous_1)
FN:12,(anonymous_2)
FN:17,(anonymous_3)
FN:18,(anonymous_4)
FN:19,(anonymous_5)
FN:30,(anonymous_6)
FNF:7
FNH:7
FNDA:1,(anonymous_0)
FNDA:1,(anonymous_1)
FNDA:1,(anonymous_2)
FNDA:1,(anonymous_3)
FNDA:1,(anonymous_4)
FNDA:1,(anonymous_5)
FNDA:1,(anonymous_6)
DA:2,1
DA:4,1
DA:8,1
DA:12,1
DA:13,1
DA:18,1
DA:19,1
DA:20,1
DA:21,1
DA:23,1
DA:26,1
DA:31,1
LF:12
LH:12
BRDA:13,0,0,1
BRDA:13,0,1,0
BRDA:31,1,0,1
BRDA:31,1,1,0
BRF:4
BRH:2
end_of_record
